<?xml version="1.0" encoding="UTF-8"?>
<testsuite xmlns:xsi="http://www.w3.org/2001/XMLSchema-instance" xsi:noNamespaceSchemaLocation="https://maven.apache.org/surefire/maven-surefire-plugin/xsd/surefire-test-report-3.0.xsd" version="3.0" name="net.wintang.zooapp.ZooAppApplicationTests" time="6.561" tests="1" errors="0" skipped="0" failures="0">
  <properties>
[...]
</properties>
  <testcase name="contextLoads" classname="net.wintang.zooapp.ZooAppApplicationTests" time="0.543">
    <system-out><![CDATA[20:07:47.074 [main] INFO org.springframework.test.context.support.AnnotationConfigContextLoaderUtils -- Could not detect default configuration classes for test class [net.wintang.zooapp.ZooAppApplicationTests]: ZooAppApplicationTests does not declare any static, non-private, non-final, nested classes annotated with @Configuration.
20:07:47.174 [main] INFO org.springframework.boot.test.context.SpringBootTestContextBootstrapper -- Found @SpringBootConfiguration net.wintang.zooapp.ZooAppApplication for test class net.wintang.zooapp.ZooAppApplicationTests

  .   ____          _            __ _ _
 /\\ / ___'_ __ _ _(_)_ __  __ _ \ \ \ \
( ( )\___ | '_ | '_| | '_ \/ _` | \ \ \ \
 \\/  ___)| |_)| | | | | || (_| |  ) ) ) )
  '  |____| .__|_| |_|_| |_\__, | / / / /
 =========|_|==============|___/=/_/_/_/
 :: Spring Boot ::                (v3.1.3)

2023-10-19T20:07:47.533+07:00  INFO 16492 --- [           main] n.wintang.zooapp.ZooAppApplicationTests  : Starting ZooAppApplicationTests using Java 17.0.8.1 with PID 16492 (started by Wintang in D:\FPTUniversity\zoo-app-real\zoo-app-backend)
2023-10-19T20:07:47.535+07:00  INFO 16492 --- [           main] n.wintang.zooapp.ZooAppApplicationTests  : No active profile set, falling back to 1 default profile: "default"
2023-10-19T20:07:48.172+07:00  INFO 16492 --- [           main] .s.d.r.c.RepositoryConfigurationDelegate : Bootstrapping Spring Data JPA repositories in DEFAULT mode.
2023-10-19T20:07:48.309+07:00  INFO 16492 --- [           main] .s.d.r.c.RepositoryConfigurationDelegate : Finished Spring Data repository scanning in 130 ms. Found 14 JPA repository interfaces.
2023-10-19T20:07:48.839+07:00  INFO 16492 --- [           main] o.hibernate.jpa.internal.util.LogHelper  : HHH000204: Processing PersistenceUnitInfo [name: default]
2023-10-19T20:07:48.902+07:00  INFO 16492 --- [           main] org.hibernate.Version                    : HHH000412: Hibernate ORM core version 6.2.7.Final
2023-10-19T20:07:48.906+07:00  INFO 16492 --- [           main] org.hibernate.cfg.Environment            : HHH000406: Using bytecode reflection optimizer
2023-10-19T20:07:49.069+07:00  INFO 16492 --- [           main] o.h.b.i.BytecodeProviderInitiator        : HHH000021: Bytecode provider name : bytebuddy
2023-10-19T20:07:49.186+07:00  INFO 16492 --- [           main] o.s.o.j.p.SpringPersistenceUnitInfo      : No LoadTimeWeaver setup: ignoring JPA class transformer
2023-10-19T20:07:49.201+07:00  INFO 16492 --- [           main] com.zaxxer.hikari.HikariDataSource       : HikariPool-1 - Starting...
2023-10-19T20:07:49.879+07:00  INFO 16492 --- [           main] com.zaxxer.hikari.pool.HikariPool        : HikariPool-1 - Added connection ConnectionID:1 ClientConnectionId: d9afd66e-9295-4d3a-ac02-6f97a2009a19
2023-10-19T20:07:49.880+07:00  INFO 16492 --- [           main] com.zaxxer.hikari.HikariDataSource       : HikariPool-1 - Start completed.
2023-10-19T20:07:50.339+07:00  INFO 16492 --- [           main] o.h.b.i.BytecodeProviderInitiator        : HHH000021: Bytecode provider name : bytebuddy
2023-10-19T20:07:51.242+07:00  INFO 16492 --- [           main] o.h.e.t.j.p.i.JtaPlatformInitiator       : HHH000490: Using JtaPlatform implementation: [org.hibernate.engine.transaction.jta.platform.internal.NoJtaPlatform]
2023-10-19T20:07:51.245+07:00  INFO 16492 --- [           main] j.LocalContainerEntityManagerFactoryBean : Initialized JPA EntityManagerFactory for persistence unit 'default'
2023-10-19T20:07:51.837+07:00  INFO 16492 --- [           main] o.s.d.j.r.query.QueryEnhancerFactory     : Hibernate is in classpath; If applicable, HQL parser will be used.
2023-10-19T20:07:52.146+07:00  WARN 16492 --- [           main] JpaBaseConfiguration$JpaWebConfiguration : spring.jpa.open-in-view is enabled by default. Therefore, database queries may be performed during view rendering. Explicitly configure spring.jpa.open-in-view to disable this warning
2023-10-19T20:07:52.302+07:00  INFO 16492 --- [           main] o.s.s.web.DefaultSecurityFilterChain     : Will secure any request with [org.springframework.security.web.session.DisableEncodeUrlFilter@71ae1cb, org.springframework.security.web.context.request.async.WebAsyncManagerIntegrationFilter@1f50fe84, org.springframework.security.web.context.SecurityContextHolderFilter@7672dd7a, org.springframework.security.web.header.HeaderWriterFilter@3da8a302, org.springframework.web.filter.CorsFilter@3380313d, org.springframework.security.web.authentication.logout.LogoutFilter@112f8f8f, net.wintang.zooapp.security.JwtAuthFilter@515a2afd, org.springframework.security.web.authentication.www.BasicAuthenticationFilter@76fdd5f1, org.springframework.security.web.savedrequest.RequestCacheAwareFilter@7a80ebcd, org.springframework.security.web.servletapi.SecurityContextHolderAwareRequestFilter@7441edeb, org.springframework.security.web.authentication.AnonymousAuthenticationFilter@4d1a763c, org.springframework.security.web.session.SessionManagementFilter@59d6a4d1, org.springframework.security.web.access.ExceptionTranslationFilter@47bae235, org.springframework.security.web.access.intercept.AuthorizationFilter@7212d3df]
2023-10-19T20:07:52.925+07:00  INFO 16492 --- [           main] n.wintang.zooapp.ZooAppApplicationTests  : Started ZooAppApplicationTests in 5.614 seconds (process running for 6.621)
]]></system-out>
  </testcase>
</testsuite>